<?xml version="1.0" encoding="UTF-8"?>
<!-- Generated by org.testng.reporters.JUnitXMLReporter -->
<testsuite hostname="LAPTOP-IAQHS7UT" ignored="0" name="regression" tests="3" failures="0" timestamp="28 Apr 2022 22:19:55 GMT" time="7.394" errors="0">
  <testcase name="userShouldBeAbleToAddCategory" time="3.075" classname="test.CreateCategoryTest"/>
  <testcase name="userShouldNotBeAbleToAddDuplicateCategory" time="2.116" classname="test.DuplicateCategoryTest"/>
  <testcase name="userShouldBeAbleToValidateMonthsDropdown" time="2.18" classname="test.MonthDropDownTest"/>
</testsuite> <!-- regression -->
